android/app/build/outputs/mapping/release/seeds.txt
com.auric.MainActivity
com.auric.MainActivity: MainActivity()
com.auric.MainApplication
com.auric.MainApplication: MainApplication()
com.auric.R$anim: int abc_fade_in
com.auric.R$anim: int abc_fade_out
com.auric.R$anim: int abc_grow_fade_in_from_bottom
com.auric.R$anim: int abc_popup_enter
com.auric.R$anim: int abc_popup_exit
com.auric.R$anim: int abc_shrink_fade_out_from_bottom
com.auric.R$anim: int abc_slide_in_bottom
com.auric.R$anim: int abc_slide_in_top
com.auric.R$anim: int abc_slide_out_bottom
com.auric.R$anim: int abc_slide_out_top
com.auric.R$anim: int abc_tooltip_enter
com.auric.R$anim: int abc_tooltip_exit
com.auric.R$anim: int catalyst_fade_in
com.auric.R$anim: int catalyst_fade_out
com.auric.R$anim: int catalyst_push_up_in
com.auric.R$anim: int catalyst_push_up_out
com.auric.R$anim: int catalyst_slide_down
com.auric.R$anim: int catalyst_slide_up
com.auric.R$anim: int ucrop_loader_circle_path
com.auric.R$anim: int ucrop_loader_circle_scale
com.auric.R$attr: int actionBarDivider
com.auric.R$attr: int actionBarItemBackground
com.auric.R$attr: int actionBarPopupTheme
com.auric.R$attr: int actionBarSize
com.auric.R$attr: int actionBarSplitStyle
com.auric.R$attr: int actionBarStyle
com.auric.R$attr: int actionBarTabBarStyle
com.auric.R$attr: int actionBarTabStyle
com.auric.R$attr: int actionBarTabTextStyle
com.auric.R$attr: int actionBarTheme
com.auric.R$attr: int actionBarWidgetTheme
com.auric.R$attr: int actionButtonStyle
com.auric.R$attr: int actionDropDownStyle
com.auric.R$attr: int actionLayout
com.auric.R$attr: int actionMenuTextAppearance
com.auric.R$attr: int actionMenuTextColor
com.auric.R$attr: int actionModeBackground
com.auric.R$attr: int actionModeCloseButtonStyle
com.auric.R$attr: int actionModeCloseDrawable
com.auric.R$attr: int actionModeCopyDrawable
com.auric.R$attr: int actionModeCutDrawable
com.auric.R$attr: int actionModeFindDrawable
com.auric.R$attr: int actionModePasteDrawable
com.auric.R$attr: int actionModePopupWindowStyle
com.auric.R$attr: int actionModeSelectAllDrawable
com.auric.R$attr: int actionModeShareDrawable
com.auric.R$attr: int actionModeSplitBackground
com.auric.R$attr: int actionModeStyle
com.auric.R$attr: int actionModeWebSearchDrawable
com.auric.R$attr: int actionOverflowButtonStyle
com.auric.R$attr: int actionOverflowMenuStyle
com.auric.R$attr: int actionProviderClass
com.auric.R$attr: int actionViewClass
com.auric.R$attr: int activityChooserViewStyle
com.auric.R$bool: int abc_action_bar_embed_tabs
com.auric.R$bool: int abc_allow_stacked_button_bar
com.auric.R$bool: int abc_config_actionMenuItemAllCaps
...
okhttp3.Authenticator
okhttp3.Authenticator: okhttp3.Authenticator NONE
okhttp3.Authenticator: okhttp3.Request authenticate(okhttp3.Route,okhttp3.Response)
okhttp3.Authenticator: void <clinit>()
okhttp3.Authenticator$1
okhttp3.Authenticator$1: Authenticator$1()
okhttp3.Authenticator$1: okhttp3.Request authenticate(okhttp3.Route,okhttp3.Response)
okhttp3.Cache
okhttp3.Cache: int VERSION
okhttp3.Cache: int ENTRY_METADATA
okhttp3.Cache: int ENTRY_BODY
okhttp3.Cache: int ENTRY_COUNT
okhttp3.Cache: okhttp3.internal.cache.InternalCache internalCache
okhttp3.Cache: okhttp3.internal.cache.DiskLruCache cache
okhttp3.Cache: int writeSuccessCount
okhttp3.Cache: int writeAbortCount
okhttp3.Cache: int networkCount
okhttp3.Cache: int hitCount
okhttp3.Cache: int requestCount
okhttp3.Cache: Cache(java.io.File,long)
okhttp3.Cache: Cache(java.io.File,long,okhttp3.internal.io.FileSystem)
okhttp3.Cache: java.lang.String key(okhttp3.HttpUrl)
okhttp3.Cache: okhttp3.Response get(okhttp3.Request)
okhttp3.Cache: okhttp3.internal.cache.CacheRequest put(okhttp3.Response)
okhttp3.Cache: void remove(okhttp3.Request)
okhttp3.Cache: void update(okhttp3.Response,okhttp3.Response)
okhttp3.Cache: void abortQuietly(okhttp3.internal.cache.DiskLruCache$Editor)
okhttp3.Cache: void initialize()
okhttp3.Cache: void delete()
okhttp3.Cache: void evictAll()
okhttp3.Cache: java.util.Iterator urls()
okhttp3.Cache: int writeAbortCount()
okhttp3.Cache: int writeSuccessCount()
okhttp3.Cache: long size()
okhttp3.Cache: long maxSize()
okhttp3.Cache: void flush()
okhttp3.Cache: void close()
okhttp3.Cache: java.io.File directory()
okhttp3.Cache: boolean isClosed()
okhttp3.Cache: void trackResponse(okhttp3.internal.cache.CacheStrategy)
okhttp3.Cache: void trackConditionalCacheHit()
okhttp3.Cache: int networkCount()
okhttp3.Cache: int hitCount()
okhttp3.Cache$1
okhttp3.Cache$1: okhttp3.Cache this$0
okhttp3.Cache$1: Cache$1(okhttp3.Cache)
okhttp3.Cache$1: okhttp3.Response get(okhttp3.Request)
okhttp3.Cache$1: okhttp3.internal.cache.CacheRequest put(okhttp3.Response)
okhttp3.Cache$1: void remove(okhttp3.Request)
okhttp3.Cache$1: void update(okhttp3.Response,okhttp3.Response)
okhttp3.Cache$1: void trackConditionalCacheHit()
okhttp3.Cache$1: void trackResponse(okhttp3.internal.cache.CacheStrategy)
okhttp3.Cache$2
okhttp3.Cache$2: java.util.Iterator delegate
okhttp3.Cache$2: java.lang.String nextUrl
okhttp3.Cache$2: boolean canRemove
okhttp3.Cache$2: okhttp3.Cache this$0
okhttp3.Cache$2: Cache$2(okhttp3.Cache)
okhttp3.Cache$2: boolean hasNext()
okhttp3.Cache$2: java.lang.String next()
okhttp3.Cache$2: void remove()
okhttp3.Cache$2: java.lang.Object next()
okhttp3.Cache$CacheRequestImpl
okhttp3.Cache$CacheRequestImpl: okhttp3.internal.cache.DiskLruCache$Editor editor
okhttp3.Cache$CacheRequestImpl: okio.Sink cacheOut
okhttp3.Cache$CacheRequestImpl: okio.Sink body
okhttp3.Cache$CacheRequestImpl: boolean done
okhttp3.Cache$CacheRequestImpl: okhttp3.Cache this$0
okhttp3.Cache$CacheRequestImpl: Cache$CacheRequestImpl(okhttp3.Cache,okhttp3.internal.cache.DiskLruCache$Editor)
okhttp3.Cache$CacheRequestImpl: void abort()
okhttp3.Cache$CacheRequestImpl: okio.Sink body()
okhttp3.Cache$CacheRequestImpl$1
okhttp3.Cache$CacheRequestImpl$1: okhttp3.Cache val$this$0
okhttp3.Cache$CacheRequestImpl$1: okhttp3.internal.cache.DiskLruCache$Editor val$editor
okhttp3.Cache$CacheRequestImpl$1: okhttp3.Cache$CacheRequestImpl this$1
okhttp3.Cache$CacheRequestImpl$1: Cache$CacheRequestImpl$1(okhttp3.Cache$CacheRequestImpl,okio.Sink,okhttp3.Cache,okhttp3.internal.cache.DiskLruCache$Editor)
okhttp3.Cache$CacheRequestImpl$1: void close()