android/app/build/outputs/mapping/release/mapping.txt
com.auric.MainActivity -> com.auric.MainActivity:
    void <init>() -> <init>
    java.lang.String getMainComponentName() -> k
    com.facebook.react.ReactActivityDelegate createReactActivityDelegate() -> l
com.auric.MainActivity$1 -> com.auric.MainActivity$1:
    com.auric.MainActivity this$0 -> a
    void <init>(com.auric.MainActivity,com.facebook.react.ReactActivity,java.lang.String) -> <init>
    com.facebook.react.ReactRootView createRootView() -> a
com.auric.MainApplication -> com.auric.MainApplication:
    com.facebook.react.ReactNativeHost mReactNativeHost -> a
    void <init>() -> <init>
    com.facebook.react.ReactNativeHost getReactNativeHost() -> a
    void onCreate() -> onCreate
com.auric.MainApplication$1 -> com.auric.MainApplication$1:
    com.auric.MainApplication this$0 -> a
    void <init>(com.auric.MainApplication,android.app.Application) -> <init>
    boolean getUseDeveloperSupport() -> a
    java.util.List getPackages() -> b
    java.lang.String getJSMainModuleName() -> c
...
okhttp3.internal.http1.Http1Codec$ChunkedSource -> okhttp3.internal.http1.Http1Codec$ChunkedSource:
    long NO_CHUNK_YET -> NO_CHUNK_YET
    okhttp3.HttpUrl url -> url
    long bytesRemainingInChunk -> bytesRemainingInChunk
    boolean hasMoreChunks -> hasMoreChunks
    okhttp3.internal.http1.Http1Codec this$0 -> this$0
    void <init>(okhttp3.internal.http1.Http1Codec,okhttp3.HttpUrl) -> <init>
    long read(okio.Buffer,long) -> read
    void readChunkSize() -> readChunkSize
    void close() -> close
okhttp3.internal.http1.Http1Codec$FixedLengthSink -> okhttp3.internal.http1.Http1Codec$FixedLengthSink:
    okio.ForwardingTimeout timeout -> timeout
    boolean closed -> closed
    long bytesRemaining -> bytesRemaining
    okhttp3.internal.http1.Http1Codec this$0 -> this$0
    void <init>(okhttp3.internal.http1.Http1Codec,long) -> <init>
    okio.Timeout timeout() -> timeout
    void write(okio.Buffer,long) -> write
    void flush() -> flush
    void close() -> close
okhttp3.internal.http1.Http1Codec$FixedLengthSource -> okhttp3.internal.http1.Http1Codec$FixedLengthSource:
    long bytesRemaining -> bytesRemaining
    okhttp3.internal.http1.Http1Codec this$0 -> this$0
    void <init>(okhttp3.internal.http1.Http1Codec,long) -> <init>
    long read(okio.Buffer,long) -> read
    void close() -> close
okhttp3.internal.http1.Http1Codec$UnknownLengthSource -> okhttp3.internal.http1.Http1Codec$UnknownLengthSource:
    boolean inputExhausted -> inputExhausted
    okhttp3.internal.http1.Http1Codec this$0 -> this$0
    void <init>(okhttp3.internal.http1.Http1Codec) -> <init>
    long read(okio.Buffer,long) -> read
    void close() -> close
okhttp3.internal.http2.ConnectionShutdownException -> okhttp3.internal.http2.ConnectionShutdownException:
    void <init>() -> <init>
okhttp3.internal.http2.ErrorCode -> okhttp3.internal.http2.ErrorCode:
    okhttp3.internal.http2.ErrorCode NO_ERROR -> NO_ERROR
    okhttp3.internal.http2.ErrorCode PROTOCOL_ERROR -> PROTOCOL_ERROR
    okhttp3.internal.http2.ErrorCode INTERNAL_ERROR -> INTERNAL_ERROR
    okhttp3.internal.http2.ErrorCode FLOW_CONTROL_ERROR -> FLOW_CONTROL_ERROR
    okhttp3.internal.http2.ErrorCode REFUSED_STREAM -> REFUSED_STREAM
    okhttp3.internal.http2.ErrorCode CANCEL -> CANCEL
    okhttp3.internal.http2.ErrorCode COMPRESSION_ERROR -> COMPRESSION_ERROR
    okhttp3.internal.http2.ErrorCode CONNECT_ERROR -> CONNECT_ERROR
    okhttp3.internal.http2.ErrorCode ENHANCE_YOUR_CALM -> ENHANCE_YOUR_CALM
    okhttp3.internal.http2.ErrorCode INADEQUATE_SECURITY -> INADEQUATE_SECURITY
    okhttp3.internal.http2.ErrorCode HTTP_1_1_REQUIRED -> HTTP_1_1_REQUIRED
    int httpCode -> httpCode
    okhttp3.internal.http2.ErrorCode[] $VALUES -> $VALUES
    okhttp3.internal.http2.ErrorCode[] values() -> values
    okhttp3.internal.http2.ErrorCode valueOf(java.lang.String) -> valueOf
    void <init>(java.lang.String,int,int) -> <init>
    okhttp3.internal.http2.ErrorCode fromHttp2(int) -> fromHttp2
    void <clinit>() -> <clinit>