android/app/build/outputs/mapping/release/usage.txt
com.auric.BuildConfig
com.auric.R
com.auric.R$anim
com.auric.R$attr
com.auric.R$bool
com.auric.R$color
com.auric.R$dimen
com.auric.R$drawable
com.auric.R$id
com.auric.R$integer
com.auric.R$layout
com.auric.R$menu
com.auric.R$mipmap
com.auric.R$string
com.auric.R$style
com.auric.R$styleable
com.auric.R$xml
...
com.facebook.react.devsupport.InspectorPackagerConnection$BundleStatusProvider
com.facebook.react.devsupport.InspectorPackagerConnection$Connection
com.facebook.react.devsupport.InspectorPackagerConnection$Connection$1
com.facebook.react.devsupport.InspectorPackagerConnection$Connection$2
com.facebook.react.devsupport.JSCHeapCapture$CaptureException:
    33:34:JSCHeapCapture$CaptureException(java.lang.String,java.lang.Throwable)
com.facebook.react.devsupport.JSDebuggerWebSocketClient
com.facebook.react.devsupport.JSDebuggerWebSocketClient$JSDebuggerCallback
com.facebook.react.devsupport.JSException:
    28:30:public JSException(java.lang.String,java.lang.String)
    33:33:public java.lang.String getStack()
com.facebook.react.devsupport.MultipartStreamReader
com.facebook.react.devsupport.MultipartStreamReader$ChunkListener
com.facebook.react.devsupport.ReactInstanceManagerDevHelper:
    public abstract void onReloadWithJSDebugger(com.facebook.react.bridge.JavaJSExecutor$Factory)
    public abstract void onJSBundleLoadedFromServer(com.facebook.react.bridge.NativeDeltaClient)
    public abstract void toggleElementInspector()
    public abstract android.app.Activity getCurrentActivity()
com.facebook.react.devsupport.RedBoxDialog
com.facebook.react.devsupport.RedBoxDialog$1
com.facebook.react.devsupport.RedBoxDialog$2
com.facebook.react.devsupport.RedBoxDialog$3
com.facebook.react.devsupport.RedBoxDialog$4
com.facebook.react.devsupport.RedBoxDialog$5
com.facebook.react.devsupport.RedBoxDialog$CopyToHostClipBoardTask
com.facebook.react.devsupport.RedBoxDialog$OpenStackFrameTask
com.facebook.react.devsupport.RedBoxDialog$StackAdapter
com.facebook.react.devsupport.RedBoxDialog$StackAdapter$FrameViewHolder
com.facebook.react.devsupport.RedBoxHandler:
    public abstract void handleRedbox(java.lang.String,com.facebook.react.devsupport.interfaces.StackFrame[],com.facebook.react.devsupport.RedBoxHandler$ErrorType)
    public abstract boolean isReportEnabled()
    public abstract void reportRedbox(android.content.Context,java.lang.String,com.facebook.react.devsupport.interfaces.StackFrame[],java.lang.String,com.facebook.react.devsupport.RedBoxHandler$ReportCompletedListener)
com.facebook.react.devsupport.RedBoxHandler$ErrorType
com.facebook.react.devsupport.RedBoxHandler$ReportCompletedListener
com.facebook.react.devsupport.StackTraceHelper
com.facebook.react.devsupport.StackTraceHelper$1
com.facebook.react.devsupport.StackTraceHelper$StackFrameImpl
com.facebook.react.devsupport.ViewHierarchyUtil:
    19:19:public ViewHierarchyUtil()
com.facebook.react.devsupport.WebsocketJavaScriptExecutor
com.facebook.react.devsupport.WebsocketJavaScriptExecutor$1
com.facebook.react.devsupport.WebsocketJavaScriptExecutor$2
com.facebook.react.devsupport.WebsocketJavaScriptExecutor$2$1
com.facebook.react.devsupport.WebsocketJavaScriptExecutor$3
com.facebook.react.devsupport.WebsocketJavaScriptExecutor$JSExecutorCallbackFuture
com.facebook.react.devsupport.WebsocketJavaScriptExecutor$JSExecutorConnectCallback
com.facebook.react.devsupport.WebsocketJavaScriptExecutor$WebsocketExecutorTimeoutException
com.facebook.react.devsupport.WindowOverlayCompat
com.facebook.react.devsupport.interfaces.DevBundleDownloadListener:
    public abstract void onSuccess(com.facebook.react.bridge.NativeDeltaClient)
    public abstract void onProgress(java.lang.String,java.lang.Integer,java.lang.Integer)
    public abstract void onFailure(java.lang.Exception)
com.facebook.react.devsupport.interfaces.DevOptionHandler